0 info it worked if it ends with ok
1 verbose cli [ '/usr/local/bin/node', '/usr/local/bin/npm', 'start' ]
2 info using npm@3.8.3
3 info using node@v5.10.1
4 verbose run-script [ 'prestart', 'start', 'poststart' ]
5 info lifecycle starlab-server@0.0.0~prestart: starlab-server@0.0.0
6 silly lifecycle starlab-server@0.0.0~prestart: no script for prestart, continuing
7 info lifecycle starlab-server@0.0.0~start: starlab-server@0.0.0
8 verbose lifecycle starlab-server@0.0.0~start: unsafe-perm in lifecycle true
9 verbose lifecycle starlab-server@0.0.0~start: PATH: /usr/local/lib/node_modules/npm/bin/node-gyp-bin:/home/arunk/Github Repo/StarLab-Algorithms/starlab-server/node_modules/.bin:/usr/local/bin:/home/arunk/bin:/usr/local/sbin:/usr/local/bin:/usr/sbin:/usr/bin:/sbin:/bin:/usr/games:/usr/local/games:/home/arunk/algs4/bin:/home/arunk/Documents/Arizona State University - MS CS/Fall 2015/Artificial Intelligence_CSE571/Clingo 3.0/clingo-3.0.0-x86-linux:/home/arunk/Hadoop/hadoop-2.7.1/bin/:/opt/splunk/bin/:/home/arunk/Android/Sdk/tools:/home/arunk/Android/Sdk/platform-tools:/home/arunk/mongodb/bin
10 verbose lifecycle starlab-server@0.0.0~start: CWD: /home/arunk/Github Repo/StarLab-Algorithms/starlab-server
11 silly lifecycle starlab-server@0.0.0~start: Args: [ '-c',
11 silly lifecycle   'rm -rf ./public && cp -R ../dist/. ./public && node ./bin/www' ]
12 silly lifecycle starlab-server@0.0.0~start: Returned: code: 1  signal: null
13 info lifecycle starlab-server@0.0.0~start: Failed to exec start script
14 verbose stack Error: starlab-server@0.0.0 start: `rm -rf ./public && cp -R ../dist/. ./public && node ./bin/www`
14 verbose stack Exit status 1
14 verbose stack     at EventEmitter.<anonymous> (/usr/local/lib/node_modules/npm/lib/utils/lifecycle.js:239:16)
14 verbose stack     at emitTwo (events.js:100:13)
14 verbose stack     at EventEmitter.emit (events.js:185:7)
14 verbose stack     at ChildProcess.<anonymous> (/usr/local/lib/node_modules/npm/lib/utils/spawn.js:24:14)
14 verbose stack     at emitTwo (events.js:100:13)
14 verbose stack     at ChildProcess.emit (events.js:185:7)
14 verbose stack     at maybeClose (internal/child_process.js:850:16)
14 verbose stack     at Process.ChildProcess._handle.onexit (internal/child_process.js:215:5)
15 verbose pkgid starlab-server@0.0.0
16 verbose cwd /home/arunk/Github Repo/StarLab-Algorithms/starlab-server
17 error Linux 4.2.0-35-generic
18 error argv "/usr/local/bin/node" "/usr/local/bin/npm" "start"
19 error node v5.10.1
20 error npm  v3.8.3
21 error code ELIFECYCLE
22 error starlab-server@0.0.0 start: `rm -rf ./public && cp -R ../dist/. ./public && node ./bin/www`
22 error Exit status 1
23 error Failed at the starlab-server@0.0.0 start script 'rm -rf ./public && cp -R ../dist/. ./public && node ./bin/www'.
23 error Make sure you have the latest version of node.js and npm installed.
23 error If you do, this is most likely a problem with the starlab-server package,
23 error not with npm itself.
23 error Tell the author that this fails on your system:
23 error     rm -rf ./public && cp -R ../dist/. ./public && node ./bin/www
23 error You can get information on how to open an issue for this project with:
23 error     npm bugs starlab-server
23 error Or if that isn't available, you can get their info via:
23 error     npm owner ls starlab-server
23 error There is likely additional logging output above.
24 verbose exit [ 1, true ]
